<?xml version="1.0" encoding="UTF-8"?>
<!-- Generated by org.testng.reporters.JUnitXMLReporter -->
<testsuite hostname="DESKTOP-KCE14NL" ignored="0" name="Test" tests="1" failures="1" timestamp="22 mar 2021 02:12:16 GMT" time="30.031" errors="0">
  <testcase name="searchProduct" time="20.777" classname="testCases.Product">
    <failure type="java.lang.AssertionError" message="expected [false] but found [true]">
      <![CDATA[java.lang.AssertionError: expected [false] but found [true]
at testCases.Product.searchProduct(Product.java:27)
... Removed 31 stack frames]]>
    </failure>
  </testcase> <!-- searchProduct -->
</testsuite> <!-- Test -->
